2023-11-28 12:30:18.354 +05:30  INF  Now listening on: http://localhost:3000
2023-11-28 12:30:18.394 +05:30  INF  Now listening on: http://localhost:5023
2023-11-28 12:30:18.398 +05:30  INF  Application started. Press Ctrl+C to shut down.
2023-11-28 12:30:18.399 +05:30  INF  Hosting environment: Development
2023-11-28 12:30:18.399 +05:30  INF  Content root path: C:\Users\Anirudh S Priyan\Desktop\Working_on_23_11\TestWebApi_backup_23_11_working\TestWebApi_backup_21_11_2\TestWebApi\TestWebApi
2023-11-28 12:30:18.494 +05:30  INF  Request starting HTTP/1.1 OPTIONS http://localhost:3000/ConnectionParameters/disconnect - -
2023-11-28 12:30:18.578 +05:30  WRN  Failed to determine the https port for redirect.
2023-11-28 12:30:18.582 +05:30  INF  CORS policy execution successful.
2023-11-28 12:30:18.600 +05:30  INF  Request finished HTTP/1.1 OPTIONS http://localhost:3000/ConnectionParameters/disconnect - - - 204 - - 112.0900ms
2023-11-28 12:30:18.606 +05:30  INF  Request starting HTTP/1.1 POST http://localhost:3000/ConnectionParameters/disconnect application/json 82
2023-11-28 12:30:19.068 +05:30  INF  CORS policy execution successful.
2023-11-28 12:30:19.072 +05:30  INF  Executing endpoint 'TestWebApi.Controllers.ConnectionParametersController.disconnect (TestWebApi)'
2023-11-28 12:30:19.126 +05:30  INF  Route matched with {action = "disconnect", controller = "ConnectionParameters"}. Executing controller action with signature Microsoft.AspNetCore.Mvc.ActionResult disconnect(TestWebApi.Models.Port) on controller TestWebApi.Controllers.ConnectionParametersController (TestWebApi).
2023-11-28 12:30:19.203 +05:30  INF  Request starting HTTP/1.1 GET http://localhost:3000/swagger/index.html - -
2023-11-28 12:30:19.410 +05:30  INF  Executing StatusCodeResult, setting HTTP status code 200
2023-11-28 12:30:19.415 +05:30  INF  Executed action TestWebApi.Controllers.ConnectionParametersController.disconnect (TestWebApi) in 284.0693ms
2023-11-28 12:30:19.416 +05:30  INF  Executed endpoint 'TestWebApi.Controllers.ConnectionParametersController.disconnect (TestWebApi)'
2023-11-28 12:30:19.418 +05:30  INF  Request finished HTTP/1.1 POST http://localhost:3000/ConnectionParameters/disconnect application/json 82 - 200 0 - 812.2555ms
2023-11-28 12:30:19.533 +05:30  INF  Request starting HTTP/1.1 GET http://localhost:3000/ConnectionParameters/portnames - -
2023-11-28 12:30:19.535 +05:30  INF  CORS policy execution successful.
2023-11-28 12:30:19.536 +05:30  INF  Executing endpoint 'TestWebApi.Controllers.ConnectionParametersController.GetPortNames (TestWebApi)'
2023-11-28 12:30:19.555 +05:30  INF  Route matched with {action = "GetPortNames", controller = "ConnectionParameters"}. Executing controller action with signature System.Threading.Tasks.Task`1[System.Collections.Generic.IEnumerable`1[System.String]] GetPortNames() on controller TestWebApi.Controllers.ConnectionParametersController (TestWebApi).
2023-11-28 12:30:19.584 +05:30  INF  Executing ObjectResult, writing value of type 'System.Collections.Generic.List`1[[System.String, System.Private.CoreLib, Version=7.0.0.0, Culture=neutral, PublicKeyToken=7cec85d7bea7798e]]'.
2023-11-28 12:30:19.601 +05:30  INF  Executed action TestWebApi.Controllers.ConnectionParametersController.GetPortNames (TestWebApi) in 45.4788ms
2023-11-28 12:30:19.601 +05:30  INF  Executed endpoint 'TestWebApi.Controllers.ConnectionParametersController.GetPortNames (TestWebApi)'
2023-11-28 12:30:19.602 +05:30  INF  Request finished HTTP/1.1 GET http://localhost:3000/ConnectionParameters/portnames - - - 200 - application/json;+charset=utf-8 68.8974ms
2023-11-28 12:30:19.657 +05:30  INF  Request starting HTTP/1.1 GET http://localhost:3000/_framework/aspnetcore-browser-refresh.js - -
2023-11-28 12:30:19.661 +05:30  INF  Request finished HTTP/1.1 GET http://localhost:3000/_framework/aspnetcore-browser-refresh.js - - - 200 12352 application/javascript;+charset=utf-8 3.4856ms
2023-11-28 12:30:19.670 +05:30  INF  Request finished HTTP/1.1 GET http://localhost:3000/swagger/index.html - - - 200 - text/html;charset=utf-8 467.1018ms
2023-11-28 12:30:19.696 +05:30  INF  Request starting HTTP/1.1 GET http://localhost:3000/_vs/browserLink - -
2023-11-28 12:30:19.726 +05:30  INF  Request finished HTTP/1.1 GET http://localhost:3000/_vs/browserLink - - - 200 - text/javascript;+charset=UTF-8 29.8656ms
2023-11-28 12:30:19.741 +05:30  INF  Request starting HTTP/1.1 GET http://localhost:3000/ConnectionParameters/handshakes - -
2023-11-28 12:30:19.741 +05:30  INF  CORS policy execution successful.
2023-11-28 12:30:19.741 +05:30  INF  Executing endpoint 'TestWebApi.Controllers.ConnectionParametersController.GetHandshakeOptions (TestWebApi)'
2023-11-28 12:30:19.748 +05:30  INF  Route matched with {action = "GetHandshakeOptions", controller = "ConnectionParameters"}. Executing controller action with signature System.Threading.Tasks.Task`1[System.Collections.Generic.IEnumerable`1[System.String]] GetHandshakeOptions() on controller TestWebApi.Controllers.ConnectionParametersController (TestWebApi).
2023-11-28 12:30:19.757 +05:30  INF  Executing ObjectResult, writing value of type 'System.Collections.Generic.List`1[[System.String, System.Private.CoreLib, Version=7.0.0.0, Culture=neutral, PublicKeyToken=7cec85d7bea7798e]]'.
2023-11-28 12:30:19.761 +05:30  INF  Executed action TestWebApi.Controllers.ConnectionParametersController.GetHandshakeOptions (TestWebApi) in 11.9644ms
2023-11-28 12:30:19.761 +05:30  INF  Executed endpoint 'TestWebApi.Controllers.ConnectionParametersController.GetHandshakeOptions (TestWebApi)'
2023-11-28 12:30:19.761 +05:30  INF  Request finished HTTP/1.1 GET http://localhost:3000/ConnectionParameters/handshakes - - - 200 - application/json;+charset=utf-8 20.1903ms
2023-11-28 12:30:19.821 +05:30  INF  Request starting HTTP/1.1 GET http://localhost:3000/ConnectionParameters/parity - -
2023-11-28 12:30:19.822 +05:30  INF  CORS policy execution successful.
2023-11-28 12:30:19.822 +05:30  INF  Executing endpoint 'TestWebApi.Controllers.ConnectionParametersController.GetParityOptions (TestWebApi)'
2023-11-28 12:30:19.830 +05:30  INF  Route matched with {action = "GetParityOptions", controller = "ConnectionParameters"}. Executing controller action with signature System.Threading.Tasks.Task`1[System.Collections.Generic.IEnumerable`1[System.String]] GetParityOptions() on controller TestWebApi.Controllers.ConnectionParametersController (TestWebApi).
2023-11-28 12:30:19.831 +05:30  INF  Executing ObjectResult, writing value of type 'System.Collections.Generic.List`1[[System.String, System.Private.CoreLib, Version=7.0.0.0, Culture=neutral, PublicKeyToken=7cec85d7bea7798e]]'.
2023-11-28 12:30:19.832 +05:30  INF  Executed action TestWebApi.Controllers.ConnectionParametersController.GetParityOptions (TestWebApi) in 1.4805ms
2023-11-28 12:30:19.832 +05:30  INF  Executed endpoint 'TestWebApi.Controllers.ConnectionParametersController.GetParityOptions (TestWebApi)'
2023-11-28 12:30:19.832 +05:30  INF  Request finished HTTP/1.1 GET http://localhost:3000/ConnectionParameters/parity - - - 200 - application/json;+charset=utf-8 11.4059ms
2023-11-28 12:30:19.851 +05:30  INF  Request starting HTTP/1.1 GET http://localhost:3000/swagger/v1/swagger.json - -
2023-11-28 12:30:19.877 +05:30  INF  Request starting HTTP/1.1 GET http://localhost:3000/ConnectionParameters/stopbit - -
2023-11-28 12:30:19.877 +05:30  INF  CORS policy execution successful.
2023-11-28 12:30:19.877 +05:30  INF  Executing endpoint 'TestWebApi.Controllers.ConnectionParametersController.GetStopBits (TestWebApi)'
2023-11-28 12:30:19.890 +05:30  INF  Route matched with {action = "GetStopBits", controller = "ConnectionParameters"}. Executing controller action with signature System.Threading.Tasks.Task`1[System.Collections.Generic.IEnumerable`1[System.String]] GetStopBits() on controller TestWebApi.Controllers.ConnectionParametersController (TestWebApi).
2023-11-28 12:30:19.893 +05:30  INF  Executing ObjectResult, writing value of type 'System.Collections.Generic.List`1[[System.String, System.Private.CoreLib, Version=7.0.0.0, Culture=neutral, PublicKeyToken=7cec85d7bea7798e]]'.
2023-11-28 12:30:19.893 +05:30  INF  Executed action TestWebApi.Controllers.ConnectionParametersController.GetStopBits (TestWebApi) in 2.9678ms
2023-11-28 12:30:19.894 +05:30  INF  Executed endpoint 'TestWebApi.Controllers.ConnectionParametersController.GetStopBits (TestWebApi)'
2023-11-28 12:30:19.894 +05:30  INF  Request finished HTTP/1.1 GET http://localhost:3000/ConnectionParameters/stopbit - - - 200 - application/json;+charset=utf-8 16.9440ms
2023-11-28 12:30:20.064 +05:30  INF  Request finished HTTP/1.1 GET http://localhost:3000/swagger/v1/swagger.json - - - 200 - application/json;charset=utf-8 212.5641ms
2023-11-28 12:30:24.250 +05:30  INF  Request starting HTTP/1.1 OPTIONS http://localhost:3000/ConnectionParameters - -
2023-11-28 12:30:24.251 +05:30  INF  CORS policy execution successful.
2023-11-28 12:30:24.251 +05:30  INF  Request finished HTTP/1.1 OPTIONS http://localhost:3000/ConnectionParameters - - - 204 - - 1.0596ms
2023-11-28 12:30:24.253 +05:30  INF  Request starting HTTP/1.1 POST http://localhost:3000/ConnectionParameters application/json 99
2023-11-28 12:30:24.253 +05:30  INF  CORS policy execution successful.
2023-11-28 12:30:24.253 +05:30  INF  Executing endpoint 'TestWebApi.Controllers.ConnectionParametersController.PostPort (TestWebApi)'
2023-11-28 12:30:24.262 +05:30  INF  Route matched with {action = "PostPort", controller = "ConnectionParameters"}. Executing controller action with signature System.Threading.Tasks.Task`1[Microsoft.AspNetCore.Mvc.ActionResult`1[TestWebApi.Models.Port]] PostPort(TestWebApi.Models.Port) on controller TestWebApi.Controllers.ConnectionParametersController (TestWebApi).
2023-11-28 12:30:24.285 +05:30  INF  Executing CreatedAtActionResult, writing value of type 'TestWebApi.Models.Port'.
2023-11-28 12:30:24.315 +05:30  INF  Executed action TestWebApi.Controllers.ConnectionParametersController.PostPort (TestWebApi) in 52.8735ms
2023-11-28 12:30:24.315 +05:30  INF  Executed endpoint 'TestWebApi.Controllers.ConnectionParametersController.PostPort (TestWebApi)'
2023-11-28 12:30:24.315 +05:30  INF  Request finished HTTP/1.1 POST http://localhost:3000/ConnectionParameters application/json 99 - 201 - application/json;+charset=utf-8 62.5626ms
2023-11-28 12:30:24.338 +05:30  INF  Request starting HTTP/1.1 GET http://localhost:3000/data - -
2023-11-28 12:30:24.339 +05:30  INF  CORS policy execution successful.
2023-11-28 12:30:24.339 +05:30  INF  Executing endpoint '/data'
2023-11-28 12:30:24.343 +05:30  INF  Request starting HTTP/1.1 GET http://localhost:3000/Settings - -
2023-11-28 12:30:24.344 +05:30  INF  CORS policy execution successful.
2023-11-28 12:30:24.344 +05:30  INF  Executing endpoint 'TestWebApi.Controllers.SettingsController.Get (TestWebApi)'
2023-11-28 12:30:24.346 +05:30  INF  Route matched with {action = "Get", controller = "Settings"}. Executing controller action with signature Microsoft.AspNetCore.Mvc.ActionResult`1[TestWebApi.Models.Settings] Get() on controller TestWebApi.Controllers.SettingsController (TestWebApi).
2023-11-28 12:30:24.362 +05:30  INF  Executing ObjectResult, writing value of type 'TestWebApi.Models.Settings'.
2023-11-28 12:30:24.377 +05:30  INF  Executed action TestWebApi.Controllers.SettingsController.Get (TestWebApi) in 30.1217ms
2023-11-28 12:30:24.377 +05:30  INF  Executed endpoint 'TestWebApi.Controllers.SettingsController.Get (TestWebApi)'
2023-11-28 12:30:24.377 +05:30  INF  Request finished HTTP/1.1 GET http://localhost:3000/Settings - - - 200 - application/json;+charset=utf-8 33.7272ms
2023-11-28 12:30:24.398 +05:30  INF  Request starting HTTP/1.1 GET http://localhost:3000/data - -
2023-11-28 12:30:24.398 +05:30  INF  CORS policy execution successful.
2023-11-28 12:30:24.398 +05:30  INF  Executing endpoint '/data'
2023-11-28 12:30:47.498 +05:30  INF  Request starting HTTP/1.1 OPTIONS http://localhost:3000/ManualMode - -
2023-11-28 12:30:47.498 +05:30  INF  CORS policy execution successful.
2023-11-28 12:30:47.498 +05:30  INF  Request finished HTTP/1.1 OPTIONS http://localhost:3000/ManualMode - - - 204 - - 0.3830ms
2023-11-28 12:30:47.501 +05:30  INF  Request starting HTTP/1.1 POST http://localhost:3000/ManualMode application/json 11
2023-11-28 12:30:47.502 +05:30  INF  CORS policy execution successful.
2023-11-28 12:30:47.502 +05:30  INF  Executing endpoint 'TestWebApi.Controllers.ManualModeController.Post (TestWebApi)'
2023-11-28 12:30:47.507 +05:30  INF  Route matched with {action = "Post", controller = "ManualMode"}. Executing controller action with signature Microsoft.AspNetCore.Mvc.IActionResult Post(System.String) on controller TestWebApi.Controllers.ManualModeController (TestWebApi).
2023-11-28 12:30:47.511 +05:30  INF  Executing StatusCodeResult, setting HTTP status code 200
2023-11-28 12:30:47.511 +05:30  INF  Executed action TestWebApi.Controllers.ManualModeController.Post (TestWebApi) in 4.3143ms
2023-11-28 12:30:47.511 +05:30  INF  Executed endpoint 'TestWebApi.Controllers.ManualModeController.Post (TestWebApi)'
2023-11-28 12:30:47.512 +05:30  INF  Request finished HTTP/1.1 POST http://localhost:3000/ManualMode application/json 11 - 200 0 - 10.0926ms
2023-11-28 12:30:51.455 +05:30  INF  Request starting HTTP/1.1 POST http://localhost:3000/ManualMode application/json 13
2023-11-28 12:30:51.456 +05:30  INF  CORS policy execution successful.
2023-11-28 12:30:51.456 +05:30  INF  Executing endpoint 'TestWebApi.Controllers.ManualModeController.Post (TestWebApi)'
2023-11-28 12:30:51.456 +05:30  INF  Route matched with {action = "Post", controller = "ManualMode"}. Executing controller action with signature Microsoft.AspNetCore.Mvc.IActionResult Post(System.String) on controller TestWebApi.Controllers.ManualModeController (TestWebApi).
2023-11-28 12:30:51.457 +05:30  INF  Executing StatusCodeResult, setting HTTP status code 200
2023-11-28 12:30:51.457 +05:30  INF  Executed action TestWebApi.Controllers.ManualModeController.Post (TestWebApi) in 1.3246ms
2023-11-28 12:30:51.457 +05:30  INF  Executed endpoint 'TestWebApi.Controllers.ManualModeController.Post (TestWebApi)'
2023-11-28 12:30:51.457 +05:30  INF  Request finished HTTP/1.1 POST http://localhost:3000/ManualMode application/json 13 - 200 0 - 1.9846ms
2023-11-28 12:30:52.847 +05:30  INF  Request starting HTTP/1.1 OPTIONS http://localhost:3000/ManualMode - -
2023-11-28 12:30:52.848 +05:30  INF  CORS policy execution successful.
2023-11-28 12:30:52.848 +05:30  INF  Request finished HTTP/1.1 OPTIONS http://localhost:3000/ManualMode - - - 204 - - 0.3736ms
2023-11-28 12:30:52.853 +05:30  INF  Request starting HTTP/1.1 POST http://localhost:3000/ManualMode application/json 14
2023-11-28 12:30:52.853 +05:30  INF  CORS policy execution successful.
2023-11-28 12:30:52.853 +05:30  INF  Executing endpoint 'TestWebApi.Controllers.ManualModeController.Post (TestWebApi)'
2023-11-28 12:30:52.853 +05:30  INF  Route matched with {action = "Post", controller = "ManualMode"}. Executing controller action with signature Microsoft.AspNetCore.Mvc.IActionResult Post(System.String) on controller TestWebApi.Controllers.ManualModeController (TestWebApi).
2023-11-28 12:30:52.855 +05:30  INF  Executing StatusCodeResult, setting HTTP status code 200
2023-11-28 12:30:52.855 +05:30  INF  Executed action TestWebApi.Controllers.ManualModeController.Post (TestWebApi) in 1.5751ms
2023-11-28 12:30:52.855 +05:30  INF  Executed endpoint 'TestWebApi.Controllers.ManualModeController.Post (TestWebApi)'
2023-11-28 12:30:52.855 +05:30  INF  Request finished HTTP/1.1 POST http://localhost:3000/ManualMode application/json 14 - 200 0 - 2.6167ms
